<?xml version="1.0" encoding="UTF-8"?>
<!-- Generated by org.testng.reporters.JUnitReportReporter -->
<testsuite skipped="0" hostname="CO2289" name="org.Enterprise.TestCase.TestCase_ApplicationSetup" tests="1" failures="0" timestamp="09 Sep 2019 12:33:27 GMT" time="51.173" errors="0">
  <testcase name="TestCaseApplicationSetup" time="51.173" classname="org.Enterprise.TestCase.TestCase_ApplicationSetup"/>
</testsuite> <!-- org.Enterprise.TestCase.TestCase_ApplicationSetup -->
