<?xml version="1.0" encoding="UTF-8"?>
<!-- Generated by org.testng.reporters.JUnitReportReporter -->
<testsuite skipped="0" hostname="CO2289" name="org.Enterprise.TestCase.TestCase_DeskBooking" tests="1" failures="0" timestamp="09 Sep 2019 12:08:19 GMT" time="42.973" errors="0">
  <testcase name="TestCaseDeskBooking" time="42.973" classname="org.Enterprise.TestCase.TestCase_DeskBooking"/>
</testsuite> <!-- org.Enterprise.TestCase.TestCase_DeskBooking -->
